
Time: 07/16/21 14:30:50.047 - DEBUG *** file /home/youngjinj/github/office-409/src/transaction/boot_cl.c, line 1692
trying to connect 'demodb@localhost'

Time: 07/16/21 14:30:50.047 - DEBUG *** file /home/youngjinj/github/office-409/src/transaction/boot_cl.c, line 1714
ping server with handshake

Time: 07/16/21 14:30:50.047 - NOTIFICATION *** file /home/youngjinj/github/office-409/src/transaction/boot_cl.c, line 1130  CODE = -971, Tran = -1, EID = 1
Program 'csql' (pid 170407) connected to database server 'demodb' on the host 'localhost' (port 1523).

Time: 07/16/21 14:30:50.048 - DEBUG *** file /home/youngjinj/github/office-409/src/transaction/boot_cl.c, line 1180
boot_restart_client: register client { type 2 db demodb user dba password (null) program csql login youngjin host youngjinj204 pid 170407 }

Time: 07/16/21 14:31:24.617 - DEBUG *** file /home/youngjinj/github/office-409/src/transaction/boot_cl.c, line 1692
trying to connect 'demodb@localhost'

Time: 07/16/21 14:31:24.618 - DEBUG *** file /home/youngjinj/github/office-409/src/transaction/boot_cl.c, line 1714
ping server with handshake

Time: 07/16/21 14:31:24.618 - NOTIFICATION *** file /home/youngjinj/github/office-409/src/transaction/boot_cl.c, line 1130  CODE = -971, Tran = -1, EID = 1
Program 'csql' (pid 170408) connected to database server 'demodb' on the host 'localhost' (port 1523).

Time: 07/16/21 14:31:24.618 - DEBUG *** file /home/youngjinj/github/office-409/src/transaction/boot_cl.c, line 1180
boot_restart_client: register client { type 2 db demodb user dba password (null) program csql login youngjin host youngjinj204 pid 170408 }

Time: 07/16/21 14:31:39.577 - DEBUG *** file /home/youngjinj/github/office-409/src/communication/network_interface_cl.c, line 6649
qmgr_execute_query requested: EXECUTION_WITH_AUTOCOMMIT

Time: 07/16/21 14:32:48.920 - DEBUG *** file /home/youngjinj/github/office-409/src/transaction/boot_cl.c, line 1692
trying to connect 'demodb@localhost'

Time: 07/16/21 14:32:48.920 - DEBUG *** file /home/youngjinj/github/office-409/src/transaction/boot_cl.c, line 1714
ping server with handshake

Time: 07/16/21 14:32:48.920 - NOTIFICATION *** file /home/youngjinj/github/office-409/src/transaction/boot_cl.c, line 1130  CODE = -971, Tran = -1, EID = 1
Program 'csql' (pid 170432) connected to database server 'demodb' on the host 'localhost' (port 1523).

Time: 07/16/21 14:32:48.921 - DEBUG *** file /home/youngjinj/github/office-409/src/transaction/boot_cl.c, line 1180
boot_restart_client: register client { type 2 db demodb user dba password (null) program csql login youngjin host youngjinj204 pid 170432 }

Time: 07/16/21 14:33:03.603 - DEBUG *** file /home/youngjinj/github/office-409/src/communication/network_interface_cl.c, line 6649
qmgr_execute_query requested: EXECUTION_WITH_AUTOCOMMIT

Time: 07/16/21 14:34:29.076 - DEBUG *** file /home/youngjinj/github/office-409/src/transaction/boot_cl.c, line 1692
trying to connect 'demodb@localhost'

Time: 07/16/21 14:34:29.076 - DEBUG *** file /home/youngjinj/github/office-409/src/transaction/boot_cl.c, line 1714
ping server with handshake

Time: 07/16/21 14:34:29.076 - NOTIFICATION *** file /home/youngjinj/github/office-409/src/transaction/boot_cl.c, line 1130  CODE = -971, Tran = -1, EID = 1
Program 'csql' (pid 170464) connected to database server 'demodb' on the host 'localhost' (port 1523).

Time: 07/16/21 14:34:29.076 - DEBUG *** file /home/youngjinj/github/office-409/src/transaction/boot_cl.c, line 1180
boot_restart_client: register client { type 2 db demodb user dba password (null) program csql login youngjin host youngjinj204 pid 170464 }

Time: 07/16/21 14:34:43.984 - DEBUG *** file /home/youngjinj/github/office-409/src/communication/network_interface_cl.c, line 6649
qmgr_execute_query requested: EXECUTION_WITH_AUTOCOMMIT

Time: 07/16/21 14:34:49.853 - DEBUG *** file /home/youngjinj/github/office-409/src/communication/network_interface_cl.c, line 6649
qmgr_execute_query requested: EXECUTION_WITH_AUTOCOMMIT

Time: 07/16/21 14:35:37.681 - DEBUG *** file /home/youngjinj/github/office-409/src/transaction/boot_cl.c, line 1692
trying to connect 'demodb@localhost'

Time: 07/16/21 14:35:37.682 - DEBUG *** file /home/youngjinj/github/office-409/src/transaction/boot_cl.c, line 1714
ping server with handshake

Time: 07/16/21 14:35:37.682 - NOTIFICATION *** file /home/youngjinj/github/office-409/src/transaction/boot_cl.c, line 1130  CODE = -971, Tran = -1, EID = 1
Program 'csql' (pid 170479) connected to database server 'demodb' on the host 'localhost' (port 1523).

Time: 07/16/21 14:35:37.682 - DEBUG *** file /home/youngjinj/github/office-409/src/transaction/boot_cl.c, line 1180
boot_restart_client: register client { type 2 db demodb user dba password (null) program csql login youngjin host youngjinj204 pid 170479 }

Time: 07/16/21 14:35:50.968 - DEBUG *** file /home/youngjinj/github/office-409/src/communication/network_interface_cl.c, line 6649
qmgr_execute_query requested: EXECUTION_WITH_AUTOCOMMIT

Time: 07/16/21 14:35:57.120 - DEBUG *** file /home/youngjinj/github/office-409/src/communication/network_interface_cl.c, line 6649
qmgr_execute_query requested: EXECUTION_WITH_AUTOCOMMIT

Time: 07/16/21 14:37:06.092 - DEBUG *** file /home/youngjinj/github/office-409/src/transaction/boot_cl.c, line 1692
trying to connect 'demodb@localhost'

Time: 07/16/21 14:37:06.092 - DEBUG *** file /home/youngjinj/github/office-409/src/transaction/boot_cl.c, line 1714
ping server with handshake

Time: 07/16/21 14:37:06.092 - NOTIFICATION *** file /home/youngjinj/github/office-409/src/transaction/boot_cl.c, line 1130  CODE = -971, Tran = -1, EID = 1
Program 'csql' (pid 170499) connected to database server 'demodb' on the host 'localhost' (port 1523).

Time: 07/16/21 14:37:06.093 - DEBUG *** file /home/youngjinj/github/office-409/src/transaction/boot_cl.c, line 1180
boot_restart_client: register client { type 2 db demodb user dba password (null) program csql login youngjin host youngjinj204 pid 170499 }

Time: 07/16/21 14:37:42.416 - DEBUG *** file /home/youngjinj/github/office-409/src/communication/network_interface_cl.c, line 6649
qmgr_execute_query requested: EXECUTION_WITH_AUTOCOMMIT

Time: 07/16/21 14:37:46.383 - DEBUG *** file /home/youngjinj/github/office-409/src/communication/network_interface_cl.c, line 6649
qmgr_execute_query requested: EXECUTION_WITH_AUTOCOMMIT

Time: 07/16/21 14:44:16.845 - DEBUG *** file /home/youngjinj/github/office-409/src/transaction/boot_cl.c, line 1692
trying to connect 'demodb@localhost'

Time: 07/16/21 14:44:16.845 - DEBUG *** file /home/youngjinj/github/office-409/src/transaction/boot_cl.c, line 1714
ping server with handshake

Time: 07/16/21 14:44:16.845 - NOTIFICATION *** file /home/youngjinj/github/office-409/src/transaction/boot_cl.c, line 1130  CODE = -971, Tran = -1, EID = 1
Program 'csql' (pid 170513) connected to database server 'demodb' on the host 'localhost' (port 1523).

Time: 07/16/21 14:44:16.846 - DEBUG *** file /home/youngjinj/github/office-409/src/transaction/boot_cl.c, line 1180
boot_restart_client: register client { type 2 db demodb user dba password (null) program csql login youngjin host youngjinj204 pid 170513 }

Time: 07/16/21 15:24:17.099 - DEBUG *** file /home/youngjinj/github/office-409/src/communication/network_interface_cl.c, line 6649
qmgr_execute_query requested: EXECUTION_WITH_AUTOCOMMIT
