
Time: 05/25/21 15:37:32.298 - DEBUG *** file /home/youngjinj/github/cubrid_23844/src/transaction/boot_cl.c, line 1180
boot_restart_client: register client { type 2 db demodb user dba password (null) program csql login youngjin host youngjinj pid 2126307 }

Time: 05/25/21 15:37:32.382 - DEBUG *** file /home/youngjinj/github/cubrid_23844/src/storage/file_io.c, line 2791
Destroyed volume /home/youngjinj/databases/v11.1/demodb/log/demodb_dwb

Time: 05/25/21 15:37:32.383 - DEBUG *** file /home/youngjinj/github/cubrid_23844/src/storage/file_io.c, line 2213
Created volume /home/youngjinj/databases/v11.1/demodb/log/demodb_dwb

Time: 05/25/21 15:37:32.384 - DEBUG *** file /home/youngjinj/github/cubrid_23844/src/transaction/log_manager.c, line 1012
LOG INITIALIZE
	db_fullname = /home/youngjinj/databases/v11.1/demodb/demodb 
	logpath = /home/youngjinj/databases/v11.1/demodb/log 
	prefix_logname = demodb 
	ismedia_crash = 0 

Time: 05/25/21 15:37:32.536 - DEBUG *** file /home/youngjinj/github/cubrid_23844/src/storage/file_io.c, line 2791
Destroyed volume /home/youngjinj/databases/v11.1/demodb/log/demodb_lgar_t

Time: 05/25/21 15:37:32.536 - DEBUG *** file /home/youngjinj/github/cubrid_23844/src/storage/file_io.c, line 2213
Created volume /home/youngjinj/databases/v11.1/demodb/log/demodb_lgar_t

Time: 05/25/21 15:37:32.537 - DEBUG *** file /home/youngjinj/github/cubrid_23844/src/transaction/log_manager.c, line 1447
log_initialize_internal: end of log initializaton, append_lsa = (67|10912) 

Time: 05/25/21 15:37:32.552 - ERROR *** file /home/youngjinj/github/cubrid_23844/src/storage/catalog_class.c, line 4688 ERROR CODE = -2, Tran = -1, EID = 1
Internal system failure: no more specific information is available.
/home/youngjinj/CUBRID/lib/libcubridsa.so(0x4c8d53): _Z27er_dump_call_stack_internalR12print_output
/home/youngjinj/CUBRID/lib/libcubridsa.so(0x4c90e2): _Z18er_dump_call_stackP8_IO_FILE
/home/youngjinj/CUBRID/lib/libcubridsa.so(0x478821): er_call_stack_dump_on_error(int, int)
/home/youngjinj/CUBRID/lib/libcubridsa.so(0x478c96): er_set_internal(int, char const*, int, int, int, bool, _IO_FILE*, __va_list_tag (*) [1])
/home/youngjinj/CUBRID/lib/libcubridsa.so(0x47844a): er_set
/home/youngjinj/CUBRID/lib/libcubridsa.so(0xa8f94c): _Z29catcls_get_server_compat_infoPN9cubthread5entryEP12intl_codesetPciS4_
/home/youngjinj/CUBRID/lib/libcubridsa.so(0x97d4a7): _Z19boot_restart_serverPN9cubthread5entryEbPKcbP10check_argsP14bo_restart_argb
/home/youngjinj/CUBRID/lib/libcubridsa.so(0x97e5f5): _Z21xboot_register_clientPN9cubthread5entryEP22boot_client_credentiali17DB_TRAN_ISOLATIONP10TRAN_STATEP22boot_server_credential
/home/youngjinj/CUBRID/lib/libcubridsa.so(0x51c8f6): _Z20boot_register_clientP22boot_client_credentiali17DB_TRAN_ISOLATIONP10TRAN_STATEP22boot_server_credential
/home/youngjinj/CUBRID/lib/libcubridsa.so(0x972d70): _Z19boot_restart_clientP22boot_client_credential
/home/youngjinj/CUBRID/lib/libcubridsa.so(0x3f10d7): db_restart
/home/youngjinj/CUBRID/lib/libcubridsa.so(0x3f1203): db_restart_ex
/home/youngjinj/CUBRID/lib/libcubridsa.so(0x3b42b7): csql
csql(0x4024aa): main
/lib64/libc.so.6(0x237b3): __libc_start_main
csql(0x401aae): _start

Time: 05/25/21 15:37:32.661 - ERROR *** file /home/youngjinj/github/cubrid_23844/src/transaction/boot_sr.c, line 2789 ERROR CODE = -113, Tran = -1, EID = 2
Unable to restart/initialize the database server. Internal system failure: no more specific information is available.

Time: 05/25/21 15:37:32.683 - NOTIFICATION *** file /home/youngjinj/github/cubrid_23844/src/transaction/boot_sr.c, line 233  CODE = -973, Tran = -1, EID = 3
Server status is DOWN.

Time: 05/25/21 15:37:32.683 - DEBUG *** file /home/youngjinj/github/cubrid_23844/src/query/partition.c, line 750
deleting partition cache

Time: 05/26/21 13:17:58.390 - DEBUG *** file /home/youngjinj/github/cubrid_23844/src/transaction/boot_cl.c, line 1180
boot_restart_client: register client { type 2 db demodb user dba password (null) program /home/youngjinj/CUBRID/bin/csql login youngjin host youngjinj pid 2331051 }

Time: 05/26/21 13:17:58.491 - DEBUG *** file /home/youngjinj/github/cubrid_23844/src/storage/file_io.c, line 2213
Created volume /home/youngjinj/databases/v11.1/demodb/log/demodb_dwb

Time: 05/26/21 13:17:58.492 - DEBUG *** file /home/youngjinj/github/cubrid_23844/src/transaction/log_manager.c, line 1012
LOG INITIALIZE
	db_fullname = /home/youngjinj/databases/v11.1/demodb/demodb 
	logpath = /home/youngjinj/databases/v11.1/demodb/log 
	prefix_logname = demodb 
	ismedia_crash = 0 

Time: 05/26/21 13:17:58.674 - DEBUG *** file /home/youngjinj/github/cubrid_23844/src/storage/file_io.c, line 2791
Destroyed volume /home/youngjinj/databases/v11.1/demodb/log/demodb_lgar_t

Time: 05/26/21 13:17:58.674 - DEBUG *** file /home/youngjinj/github/cubrid_23844/src/storage/file_io.c, line 2213
Created volume /home/youngjinj/databases/v11.1/demodb/log/demodb_lgar_t

Time: 05/26/21 13:17:58.676 - DEBUG *** file /home/youngjinj/github/cubrid_23844/src/transaction/log_manager.c, line 1447
log_initialize_internal: end of log initializaton, append_lsa = (109|10744) 

Time: 05/26/21 13:17:58.693 - NOTIFICATION *** file /home/youngjinj/github/cubrid_23844/src/query/vacuum.c, line 986  CODE = -1190, Tran = -1, EID = 1
Stand-alone vacuum execution is started.

Time: 05/26/21 13:17:58.693 - DEBUG *** file /home/youngjinj/github/cubrid_23844/src/query/vacuum.c, line 987
Stand-alone vacuum start.

Time: 05/26/21 13:17:58.693 - NOTIFICATION *** file /home/youngjinj/github/cubrid_23844/src/query/vacuum.c, line 1079  CODE = -1191, Tran = -1, EID = 2
Stand-alone vacuum execution is ended.

Time: 05/26/21 13:17:58.693 - DEBUG *** file /home/youngjinj/github/cubrid_23844/src/query/vacuum.c, line 1080
Stand-alone vacuum end.

Time: 05/26/21 13:17:58.693 - DEBUG *** file /home/youngjinj/github/cubrid_23844/src/query/partition.c, line 715
creating partition cache

Time: 05/26/21 13:17:58.693 - NOTIFICATION *** file /home/youngjinj/github/cubrid_23844/src/transaction/boot_sr.c, line 233  CODE = -973, Tran = -1, EID = 3
Server status is UP.

Time: 05/26/21 13:18:08.853 - DEBUG *** file /home/youngjinj/github/cubrid_23844/src/storage/file_io.c, line 2791
Destroyed volume /home/youngjinj/databases/v11.1/demodb/log/demodb_dwb

Time: 05/26/21 13:18:08.854 - NOTIFICATION *** file /home/youngjinj/github/cubrid_23844/src/transaction/boot_sr.c, line 233  CODE = -973, Tran = 1, EID = 5
Server status is DOWN.

Time: 05/26/21 13:18:08.854 - DEBUG *** file /home/youngjinj/github/cubrid_23844/src/query/partition.c, line 750
deleting partition cache
