Execute OK. (0.002762 sec) Committed. (0.000419 sec) 
Execute OK. (0.001112 sec) Committed. (0.000312 sec) 
Execute OK. (0.000341 sec) Committed. (0.000308 sec) 
Execute OK. (0.001015 sec) Committed. (0.000388 sec) 
Execute OK. (0.000341 sec) Committed. (0.000368 sec) 
Execute OK. (0.001023 sec) Committed. (0.000307 sec) 
Execute OK. (0.001716 sec) Committed. (0.000307 sec) 
Execute OK. (0.001060 sec) Committed. (0.000301 sec) 
Execute OK. (0.000325 sec) Committed. (0.000308 sec) 
Execute OK. (0.000322 sec) Committed. (0.000300 sec) 
Execute OK. (0.000327 sec) Committed. (0.000300 sec) 
Execute OK. (0.000036 sec) Committed. (0.000010 sec) 

=== <Result of CALL Command in Line 20> ===

  Result              
======================
  NULL                

Execute OK. (0.000196 sec) Committed. (0.000011 sec) 
Execute OK. (0.005109 sec) Committed. (0.000360 sec) 
Execute OK. (0.002536 sec) Committed. (0.000370 sec) 
Execute OK. (0.012712 sec) Committed. (0.000709 sec) 
Execute OK. (0.012374 sec) Committed. (0.000710 sec) 
Execute OK. (0.012344 sec) Committed. (0.000710 sec) 
Execute OK. (0.002635 sec) Committed. (0.000446 sec) 
Execute OK. (0.007495 sec) Committed. (0.000437 sec) 
Execute OK. (0.014202 sec) Committed. (0.000501 sec) 
Execute OK. (0.005431 sec) Committed. (0.000348 sec) 
Execute OK. (0.002741 sec) Committed. (0.000433 sec) 
Execute OK. (0.004079 sec) Committed. (0.000718 sec) 
Execute OK. (0.005576 sec) Committed. (0.000455 sec) 
Execute OK. (0.004570 sec) Committed. (0.000359 sec) 
Execute OK. (0.004643 sec) Committed. (0.000370 sec) 
Execute OK. (0.000621 sec) Committed. (0.001498 sec) 
Execute OK. (0.000597 sec) Committed. (0.001435 sec) 
Execute OK. (0.000303 sec) Committed. (0.001484 sec) 
Execute OK. (0.000997 sec) Committed. (0.000219 sec) 
Execute OK. (0.001959 sec) Committed. (0.000228 sec) 

=== <Result of CALL Command in Line 58> ===

  Result              
======================
  NULL                

Execute OK. (0.000203 sec) Committed. (0.000012 sec) 
Execute OK. (0.003821 sec) Committed. (0.000341 sec) 
Execute OK. (0.002323 sec) Committed. (0.000504 sec) 
Execute OK. (0.012516 sec) Committed. (0.000715 sec) 
Execute OK. (0.013011 sec) Committed. (0.000719 sec) 
Execute OK. (0.013146 sec) Committed. (0.000645 sec) 
Execute OK. (0.002841 sec) Committed. (0.000349 sec) 
Execute OK. (0.006939 sec) Committed. (0.000414 sec) 
Execute OK. (0.014527 sec) Committed. (0.000499 sec) 
Execute OK. (0.005201 sec) Committed. (0.000363 sec) 
Execute OK. (0.002858 sec) Committed. (0.000352 sec) 
Execute OK. (0.004158 sec) Committed. (0.000424 sec) 
Execute OK. (0.005589 sec) Committed. (0.000346 sec) 
Execute OK. (0.004769 sec) Committed. (0.000354 sec) 
Execute OK. (0.004726 sec) Committed. (0.000428 sec) 
Execute OK. (0.000524 sec) Committed. (0.001471 sec) 
Execute OK. (0.000607 sec) Committed. (0.001452 sec) 
Execute OK. (0.000302 sec) Committed. (0.001450 sec) 
Execute OK. (0.000544 sec) Committed. (0.000218 sec) 
Execute OK. (0.001506 sec) Committed. (0.000275 sec) 

=== <Result of CALL Command in Line 96> ===

  Result              
======================
  NULL                

Execute OK. (0.000227 sec) Committed. (0.000014 sec) 
Execute OK. (0.004263 sec) Committed. (0.000357 sec) 
Execute OK. (0.002512 sec) Committed. (0.000373 sec) 
Execute OK. (0.013463 sec) Committed. (0.000719 sec) 
Execute OK. (0.012823 sec) Committed. (0.000708 sec) 
Execute OK. (0.012405 sec) Committed. (0.000724 sec) 
Execute OK. (0.002929 sec) Committed. (0.000355 sec) 
Execute OK. (0.006770 sec) Committed. (0.000443 sec) 
Execute OK. (0.015126 sec) Committed. (0.000505 sec) 
Execute OK. (0.005169 sec) Committed. (0.000355 sec) 
Execute OK. (0.002735 sec) Committed. (0.000419 sec) 
Execute OK. (0.004078 sec) Committed. (0.000348 sec) 
Execute OK. (0.005395 sec) Committed. (0.000428 sec) 
Execute OK. (0.467501 sec) Committed. (0.000395 sec) 
Execute OK. (0.005003 sec) Committed. (0.000365 sec) 
Execute OK. (0.000628 sec) Committed. (0.001475 sec) 
Execute OK. (0.000742 sec) Committed. (0.001473 sec) 
Execute OK. (0.000385 sec) Committed. (0.001543 sec) 
Execute OK. (0.000552 sec) Committed. (0.000207 sec) 
Execute OK. (0.001602 sec) Committed. (0.000215 sec) 

=== <Result of CALL Command in Line 135> ===

  Result              
======================
  NULL                

Execute OK. (0.000339 sec) Committed. (0.000013 sec) 
Execute OK. (0.003988 sec) Committed. (0.000345 sec) 
Execute OK. (0.002456 sec) Committed. (0.000441 sec) 
Execute OK. (0.012679 sec) Committed. (0.000728 sec) 
Execute OK. (0.012555 sec) Committed. (0.000646 sec) 
Execute OK. (0.012697 sec) Committed. (0.000723 sec) 
Execute OK. (0.003987 sec) Committed. (0.007557 sec) 
Execute OK. (0.007146 sec) Committed. (0.000370 sec) 
Execute OK. (0.014547 sec) Committed. (0.000502 sec) 
Execute OK. (0.005210 sec) Committed. (0.000355 sec) 
Execute OK. (0.002733 sec) Committed. (0.000344 sec) 
Execute OK. (0.004062 sec) Committed. (0.000423 sec) 
Execute OK. (0.005393 sec) Committed. (0.000349 sec) 
Execute OK. (0.004809 sec) Committed. (0.000354 sec) 
Execute OK. (0.004677 sec) Committed. (0.010579 sec) 
Execute OK. (0.000609 sec) Committed. (0.001544 sec) 
Execute OK. (0.000739 sec) Committed. (0.001514 sec) 
Execute OK. (0.000415 sec) Committed. (0.001473 sec) 
Execute OK. (0.000552 sec) Committed. (0.000202 sec) 
Execute OK. (0.001530 sec) Committed. (0.000214 sec) 

=== <Result of CALL Command in Line 174> ===

  Result              
======================
  NULL                

Execute OK. (0.000320 sec) Committed. (0.000014 sec) 
Execute OK. (0.003978 sec) Committed. (0.000345 sec) 
Execute OK. (0.002425 sec) Committed. (0.000357 sec) 
Execute OK. (0.012817 sec) Committed. (0.000733 sec) 
Execute OK. (0.012402 sec) Committed. (0.000724 sec) 
Execute OK. (0.012613 sec) Committed. (0.000726 sec) 
Execute OK. (0.002825 sec) Committed. (0.000434 sec) 
Execute OK. (0.006892 sec) Committed. (0.000432 sec) 
Execute OK. (0.014564 sec) Committed. (0.000500 sec) 
Execute OK. (0.005206 sec) Committed. (0.000350 sec) 
Execute OK. (0.002747 sec) Committed. (0.000434 sec) 
Execute OK. (0.004101 sec) Committed. (0.000339 sec) 
Execute OK. (0.005414 sec) Committed. (0.000429 sec) 
Execute OK. (0.004784 sec) Committed. (0.000358 sec) 
Execute OK. (0.004797 sec) Committed. (0.000355 sec) 
Execute OK. (0.000580 sec) Committed. (0.001494 sec) 
Execute OK. (0.000685 sec) Committed. (0.001498 sec) 
Execute OK. (0.000382 sec) Committed. (0.001580 sec) 
Execute OK. (0.000553 sec) Committed. (0.000216 sec) 
Execute OK. (0.001506 sec) Committed. (0.000218 sec) 

=== <Result of CALL Command in Line 213> ===

  Result              
======================
  NULL                

Execute OK. (0.000316 sec) Committed. (0.000014 sec) 
Execute OK. (0.003949 sec) Committed. (0.000352 sec) 
Execute OK. (0.002459 sec) Committed. (0.000451 sec) 
Execute OK. (0.012671 sec) Committed. (0.000732 sec) 
Execute OK. (0.013736 sec) Committed. (0.000643 sec) 
Execute OK. (0.014504 sec) Committed. (0.000733 sec) 
Execute OK. (0.003124 sec) Committed. (0.000351 sec) 
Execute OK. (0.007300 sec) Committed. (0.000360 sec) 
Execute OK. (0.014868 sec) Committed. (0.000501 sec) 
Execute OK. (0.005519 sec) Committed. (0.000418 sec) 
Execute OK. (0.002970 sec) Committed. (0.000371 sec) 
Execute OK. (0.004270 sec) Committed. (0.000429 sec) 
Execute OK. (0.005564 sec) Committed. (0.000343 sec) 
Execute OK. (0.005109 sec) Committed. (0.000351 sec) 
Execute OK. (0.004988 sec) Committed. (0.000357 sec) 
Execute OK. (0.000594 sec) Committed. (0.001485 sec) 
Execute OK. (0.000703 sec) Committed. (0.001485 sec) 
Execute OK. (0.000392 sec) Committed. (0.001484 sec) 
Execute OK. (0.000542 sec) Committed. (0.000203 sec) 
Execute OK. (0.001503 sec) Committed. (0.000209 sec) 

=== <Result of CALL Command in Line 252> ===

  Result              
======================
  NULL                

Execute OK. (0.000321 sec) Committed. (0.000015 sec) 
Execute OK. (0.004084 sec) Committed. (0.000367 sec) 
Execute OK. (0.002503 sec) Committed. (0.000452 sec) 
Execute OK. (0.012867 sec) Committed. (0.000731 sec) 
Execute OK. (0.012784 sec) Committed. (0.000725 sec) 
Execute OK. (0.012558 sec) Committed. (0.000731 sec) 
Execute OK. (0.002896 sec) Committed. (0.000356 sec) 
Execute OK. (0.007023 sec) Committed. (0.000359 sec) 
Execute OK. (0.014770 sec) Committed. (0.000598 sec) 
Execute OK. (0.005212 sec) Committed. (0.000436 sec) 
Execute OK. (0.002740 sec) Committed. (0.000345 sec) 
Execute OK. (0.004186 sec) Committed. (0.000366 sec) 
Execute OK. (0.005529 sec) Committed. (0.000460 sec) 
Execute OK. (0.004860 sec) Committed. (0.000443 sec) 
Execute OK. (0.004768 sec) Committed. (0.000354 sec) 
Execute OK. (0.000694 sec) Committed. (0.001587 sec) 
Execute OK. (0.000783 sec) Committed. (0.001511 sec) 
Execute OK. (0.000460 sec) Committed. (0.001483 sec) 
Execute OK. (0.000544 sec) Committed. (0.000205 sec) 
Execute OK. (0.001542 sec) Committed. (0.000209 sec) 

=== <Result of CALL Command in Line 291> ===

  Result              
======================
  NULL                

Execute OK. (0.000407 sec) Committed. (0.000015 sec) 
Execute OK. (0.004095 sec) Committed. (0.000442 sec) 
Execute OK. (0.002563 sec) Committed. (0.000372 sec) 
Execute OK. (0.012969 sec) Committed. (0.000729 sec) 
Execute OK. (0.013384 sec) Committed. (0.000732 sec) 
Execute OK. (0.012638 sec) Committed. (0.000727 sec) 
Execute OK. (0.002847 sec) Committed. (0.000411 sec) 
Execute OK. (0.007487 sec) Committed. (0.000380 sec) 
Execute OK. (0.014713 sec) Committed. (0.000497 sec) 
Execute OK. (0.005315 sec) Committed. (0.000357 sec) 
Execute OK. (0.002745 sec) Committed. (0.000344 sec) 
Execute OK. (0.004147 sec) Committed. (0.000432 sec) 
Execute OK. (0.005433 sec) Committed. (0.000356 sec) 
Execute OK. (0.005169 sec) Committed. (0.000352 sec) 
Execute OK. (0.005228 sec) Committed. (0.000437 sec) 
Execute OK. (0.000726 sec) Committed. (0.001509 sec) 
Execute OK. (0.000791 sec) Committed. (0.001564 sec) 
Execute OK. (0.000482 sec) Committed. (0.001510 sec) 
Execute OK. (0.000551 sec) Committed. (0.000207 sec) 
Execute OK. (0.001535 sec) Committed. (0.000214 sec) 

=== <Result of CALL Command in Line 330> ===

  Result              
======================
  NULL                

Execute OK. (0.000406 sec) Committed. (0.000015 sec) 
Execute OK. (0.004013 sec) Committed. (0.000367 sec) 
Execute OK. (0.002443 sec) Committed. (0.000449 sec) 
Execute OK. (0.012661 sec) Committed. (0.000721 sec) 
Execute OK. (0.012930 sec) Committed. (0.000717 sec) 
Execute OK. (0.012664 sec) Committed. (0.000646 sec) 
Execute OK. (0.002883 sec) Committed. (0.000377 sec) 
Execute OK. (0.007036 sec) Committed. (0.000363 sec) 
Execute OK. (0.014524 sec) Committed. (0.000580 sec) 
Execute OK. (0.231044 sec) Committed. (0.000394 sec) 
Execute OK. (0.002952 sec) Committed. (0.000357 sec) 
Execute OK. (0.004176 sec) Committed. (0.000442 sec) 
Execute OK. (0.005488 sec) Committed. (0.000355 sec) 
Execute OK. (0.004973 sec) Committed. (0.000369 sec) 
Execute OK. (0.004761 sec) Committed. (0.000358 sec) 
Execute OK. (0.000657 sec) Committed. (0.001631 sec) 
Execute OK. (0.000729 sec) Committed. (0.001538 sec) 
Execute OK. (0.000400 sec) Committed. (0.001511 sec) 
Execute OK. (0.000564 sec) Committed. (0.000214 sec) 
Execute OK. (0.001657 sec) Committed. (0.000217 sec) 
Execute OK. (0.000684 sec) Committed. (0.000495 sec) 
Execute OK. (0.000400 sec) Committed. (0.000359 sec) 
Execute OK. (0.000595 sec) Committed. (0.000486 sec) 
Execute OK. (0.000597 sec) Committed. (0.000581 sec) 
Execute OK. (0.000602 sec) Committed. (0.000502 sec) 
Execute OK. (0.000387 sec) Committed. (0.000377 sec) 
Execute OK. (0.000388 sec) Committed. (0.000384 sec) 
Execute OK. (0.000383 sec) Committed. (0.000431 sec) 
Execute OK. (0.000412 sec) Committed. (0.000421 sec) 

=== <Result of CALL Command in Line 379> ===

  Result              
======================
  NULL                

Execute OK. (0.000333 sec) Committed. (0.000016 sec) 
Execute OK. (0.000519 sec) Committed. (0.000221 sec) 
Execute OK. (0.000358 sec) Committed. (0.000209 sec) 
Execute OK. (0.000357 sec) Committed. (0.000202 sec) 
Execute OK. (0.000360 sec) Committed. (0.000206 sec) 
Execute OK. (0.000348 sec) Committed. (0.000206 sec) 
Execute OK. (0.000351 sec) Committed. (0.000205 sec) 
Execute OK. (0.000347 sec) Committed. (0.000212 sec) 
Execute OK. (0.000345 sec) Committed. (0.000198 sec) 
Execute OK. (0.000357 sec) Committed. (0.000204 sec) 
Execute OK. (0.000544 sec) Committed. (0.000372 sec) 
Execute OK. (0.000551 sec) Committed. (0.000376 sec) 
Execute OK. (0.000815 sec) Committed. (0.001687 sec) 
Execute OK. (0.000820 sec) Committed. (0.000524 sec) 
Execute OK. (0.000817 sec) Committed. (0.000544 sec) 
Execute OK. (0.000552 sec) Committed. (0.000378 sec) 
Execute OK. (0.000551 sec) Committed. (0.000375 sec) 
Execute OK. (0.000550 sec) Committed. (0.000380 sec) 
Execute OK. (0.000550 sec) Committed. (0.000374 sec) 

=== <Result of CALL Command in Line 403> ===

  Result              
======================
  NULL                

Execute OK. (0.000315 sec) Committed. (0.000016 sec) 
