Execute OK. (0.002715 sec) Committed. (0.000427 sec) 
Execute OK. (0.001126 sec) Committed. (0.000350 sec) 
Execute OK. (0.000367 sec) Committed. (0.000347 sec) 
Execute OK. (0.001076 sec) Committed. (0.000435 sec) 
Execute OK. (0.000369 sec) Committed. (0.000360 sec) 
Execute OK. (0.001088 sec) Committed. (0.000334 sec) 
Execute OK. (0.001735 sec) Committed. (0.000337 sec) 
Execute OK. (0.001104 sec) Committed. (0.000341 sec) 
Execute OK. (0.000365 sec) Committed. (0.000342 sec) 
Execute OK. (0.000369 sec) Committed. (0.000335 sec) 
Execute OK. (0.000367 sec) Committed. (0.000334 sec) 
Execute OK. (0.000036 sec) Committed. (0.000012 sec) 

=== <Result of CALL Command in Line 20> ===

  Result              
======================
  NULL                

Execute OK. (0.000211 sec) Committed. (0.000011 sec) 
Execute OK. (0.004998 sec) Committed. (0.000413 sec) 
Execute OK. (0.002532 sec) Committed. (0.000391 sec) 
Execute OK. (0.012782 sec) Committed. (0.000731 sec) 
Execute OK. (0.012186 sec) Committed. (0.000741 sec) 
Execute OK. (0.012337 sec) Committed. (0.000739 sec) 
Execute OK. (0.002628 sec) Committed. (0.000473 sec) 
Execute OK. (0.007858 sec) Committed. (0.000469 sec) 
Execute OK. (0.013754 sec) Committed. (0.000510 sec) 
Execute OK. (0.005319 sec) Committed. (0.000374 sec) 
Execute OK. (0.002662 sec) Committed. (0.000525 sec) 
Execute OK. (0.004719 sec) Committed. (0.000446 sec) 
Execute OK. (0.005292 sec) Committed. (0.000439 sec) 
Execute OK. (0.004489 sec) Committed. (0.000364 sec) 
Execute OK. (0.004456 sec) Committed. (0.000343 sec) 
Execute OK. (0.000638 sec) Committed. (0.001440 sec) 
Execute OK. (0.000582 sec) Committed. (0.001392 sec) 
Execute OK. (0.000279 sec) Committed. (0.001443 sec) 
Execute OK. (0.000974 sec) Committed. (0.000209 sec) 
Execute OK. (0.002011 sec) Committed. (0.000254 sec) 

=== <Result of CALL Command in Line 58> ===

  Result              
======================
  NULL                

Execute OK. (0.000204 sec) Committed. (0.000011 sec) 
Execute OK. (0.003676 sec) Committed. (0.000332 sec) 
Execute OK. (0.002230 sec) Committed. (0.000425 sec) 
Execute OK. (0.011879 sec) Committed. (0.000695 sec) 
Execute OK. (0.012437 sec) Committed. (0.000704 sec) 
Execute OK. (0.012587 sec) Committed. (0.000747 sec) 
Execute OK. (0.002637 sec) Committed. (0.000400 sec) 
Execute OK. (0.006669 sec) Committed. (0.000340 sec) 
Execute OK. (0.013866 sec) Committed. (0.000477 sec) 
Execute OK. (0.004985 sec) Committed. (0.000341 sec) 
Execute OK. (0.002715 sec) Committed. (0.000364 sec) 
Execute OK. (0.003939 sec) Committed. (0.000419 sec) 
Execute OK. (0.005270 sec) Committed. (0.000373 sec) 
Execute OK. (0.004584 sec) Committed. (0.000337 sec) 
Execute OK. (0.004497 sec) Committed. (0.000422 sec) 
Execute OK. (0.000508 sec) Committed. (0.001406 sec) 
Execute OK. (0.000581 sec) Committed. (0.001396 sec) 
Execute OK. (0.000289 sec) Committed. (0.001393 sec) 
Execute OK. (0.000516 sec) Committed. (0.000200 sec) 
Execute OK. (0.001420 sec) Committed. (0.000220 sec) 

=== <Result of CALL Command in Line 96> ===

  Result              
======================
  NULL                

Execute OK. (0.000219 sec) Committed. (0.000013 sec) 
Execute OK. (0.004108 sec) Committed. (0.000332 sec) 
Execute OK. (0.002408 sec) Committed. (0.000340 sec) 
Execute OK. (0.012921 sec) Committed. (0.000701 sec) 
Execute OK. (0.012244 sec) Committed. (0.000721 sec) 
Execute OK. (0.011881 sec) Committed. (0.000702 sec) 
Execute OK. (0.002724 sec) Committed. (0.000352 sec) 
Execute OK. (0.006486 sec) Committed. (0.000479 sec) 
Execute OK. (0.014496 sec) Committed. (0.000580 sec) 
Execute OK. (0.004860 sec) Committed. (0.000344 sec) 
Execute OK. (0.002595 sec) Committed. (0.000427 sec) 
Execute OK. (0.003870 sec) Committed. (0.000349 sec) 
Execute OK. (0.005109 sec) Committed. (0.000428 sec) 
Execute OK. (1.039573 sec) Committed. (0.000370 sec) 
Execute OK. (0.004794 sec) Committed. (0.000343 sec) 
Execute OK. (0.000612 sec) Committed. (0.001417 sec) 
Execute OK. (0.000705 sec) Committed. (0.001488 sec) 
Execute OK. (0.000375 sec) Committed. (0.001379 sec) 
Execute OK. (0.000539 sec) Committed. (0.000196 sec) 
Execute OK. (0.001581 sec) Committed. (0.000203 sec) 

=== <Result of CALL Command in Line 135> ===

  Result              
======================
  NULL                

Execute OK. (0.000318 sec) Committed. (0.000013 sec) 
Execute OK. (0.003815 sec) Committed. (0.000481 sec) 
Execute OK. (0.002373 sec) Committed. (0.000352 sec) 
Execute OK. (0.012079 sec) Committed. (0.000702 sec) 
Execute OK. (0.011987 sec) Committed. (0.000623 sec) 
Execute OK. (0.012175 sec) Committed. (0.000698 sec) 
Execute OK. (0.002618 sec) Committed. (0.000342 sec) 
Execute OK. (0.006865 sec) Committed. (0.000337 sec) 
Execute OK. (0.013827 sec) Committed. (0.000469 sec) 
Execute OK. (0.004969 sec) Committed. (0.000342 sec) 
Execute OK. (0.002602 sec) Committed. (0.000371 sec) 
Execute OK. (0.003869 sec) Committed. (0.000410 sec) 
Execute OK. (0.005123 sec) Committed. (0.000336 sec) 
Execute OK. (0.004587 sec) Committed. (0.000344 sec) 
Execute OK. (0.004465 sec) Committed. (0.010053 sec) 
Execute OK. (0.000606 sec) Committed. (0.001438 sec) 
Execute OK. (0.000683 sec) Committed. (0.001435 sec) 
Execute OK. (0.000371 sec) Committed. (0.001405 sec) 
Execute OK. (0.000523 sec) Committed. (0.000200 sec) 
Execute OK. (0.001500 sec) Committed. (0.000252 sec) 

=== <Result of CALL Command in Line 174> ===

  Result              
======================
  NULL                

Execute OK. (0.000320 sec) Committed. (0.000013 sec) 
Execute OK. (0.003812 sec) Committed. (0.000343 sec) 
Execute OK. (0.002326 sec) Committed. (0.000345 sec) 
Execute OK. (0.012316 sec) Committed. (0.000700 sec) 
Execute OK. (0.011843 sec) Committed. (0.000704 sec) 
Execute OK. (0.011952 sec) Committed. (0.000701 sec) 
Execute OK. (0.002694 sec) Committed. (0.000414 sec) 
Execute OK. (0.006592 sec) Committed. (0.000416 sec) 
Execute OK. (0.013975 sec) Committed. (0.000569 sec) 
Execute OK. (0.004904 sec) Committed. (0.000334 sec) 
Execute OK. (0.002626 sec) Committed. (0.000414 sec) 
Execute OK. (0.003897 sec) Committed. (0.000327 sec) 
Execute OK. (0.005125 sec) Committed. (0.000409 sec) 
Execute OK. (0.004482 sec) Committed. (0.000351 sec) 
Execute OK. (0.004688 sec) Committed. (0.000347 sec) 
Execute OK. (0.000547 sec) Committed. (0.001430 sec) 
Execute OK. (0.000671 sec) Committed. (0.001448 sec) 
Execute OK. (0.000365 sec) Committed. (0.001498 sec) 
Execute OK. (0.000527 sec) Committed. (0.000207 sec) 
Execute OK. (0.001501 sec) Committed. (0.000212 sec) 

=== <Result of CALL Command in Line 213> ===

  Result              
======================
  NULL                

Execute OK. (0.000304 sec) Committed. (0.000013 sec) 
Execute OK. (0.003891 sec) Committed. (0.000360 sec) 
Execute OK. (0.002377 sec) Committed. (0.000432 sec) 
Execute OK. (0.012239 sec) Committed. (0.000721 sec) 
Execute OK. (0.013044 sec) Committed. (0.000621 sec) 
Execute OK. (0.015023 sec) Committed. (0.000777 sec) 
Execute OK. (0.003150 sec) Committed. (0.000391 sec) 
Execute OK. (0.007243 sec) Committed. (0.000396 sec) 
Execute OK. (0.014503 sec) Committed. (0.000575 sec) 
Execute OK. (0.005561 sec) Committed. (0.000395 sec) 
Execute OK. (0.002856 sec) Committed. (0.000378 sec) 
Execute OK. (0.004151 sec) Committed. (0.000473 sec) 
Execute OK. (0.005380 sec) Committed. (0.000381 sec) 
Execute OK. (0.005085 sec) Committed. (0.000393 sec) 
Execute OK. (0.005211 sec) Committed. (0.000385 sec) 
Execute OK. (0.000632 sec) Committed. (0.001497 sec) 
Execute OK. (0.000698 sec) Committed. (0.001499 sec) 
Execute OK. (0.000391 sec) Committed. (0.001483 sec) 
Execute OK. (0.000571 sec) Committed. (0.000241 sec) 
Execute OK. (0.001572 sec) Committed. (0.000336 sec) 

=== <Result of CALL Command in Line 252> ===

  Result              
======================
  NULL                

Execute OK. (0.000328 sec) Committed. (0.000020 sec) 
Execute OK. (0.003987 sec) Committed. (0.000384 sec) 
Execute OK. (0.002458 sec) Committed. (0.000489 sec) 
Execute OK. (0.012553 sec) Committed. (0.000750 sec) 
Execute OK. (0.012569 sec) Committed. (0.000758 sec) 
Execute OK. (0.012923 sec) Committed. (0.000676 sec) 
Execute OK. (0.002788 sec) Committed. (0.000339 sec) 
Execute OK. (0.006764 sec) Committed. (0.000340 sec) 
Execute OK. (0.013932 sec) Committed. (0.000559 sec) 
Execute OK. (0.004983 sec) Committed. (0.000432 sec) 
Execute OK. (0.002608 sec) Committed. (0.000335 sec) 
Execute OK. (0.003981 sec) Committed. (0.000331 sec) 
Execute OK. (0.005117 sec) Committed. (0.000419 sec) 
Execute OK. (0.004615 sec) Committed. (0.000430 sec) 
Execute OK. (0.004549 sec) Committed. (0.000347 sec) 
Execute OK. (0.000661 sec) Committed. (0.001516 sec) 
Execute OK. (0.000743 sec) Committed. (0.001443 sec) 
Execute OK. (0.000444 sec) Committed. (0.001425 sec) 
Execute OK. (0.000533 sec) Committed. (0.000196 sec) 
Execute OK. (0.001526 sec) Committed. (0.000201 sec) 

=== <Result of CALL Command in Line 291> ===

  Result              
======================
  NULL                

Execute OK. (0.000382 sec) Committed. (0.000014 sec) 
Execute OK. (0.003934 sec) Committed. (0.000345 sec) 
Execute OK. (0.002434 sec) Committed. (0.000354 sec) 
Execute OK. (0.012420 sec) Committed. (0.000664 sec) 
Execute OK. (0.012775 sec) Committed. (0.000702 sec) 
Execute OK. (0.012444 sec) Committed. (0.000825 sec) 
Execute OK. (0.002921 sec) Committed. (0.000384 sec) 
Execute OK. (0.006990 sec) Committed. (0.000401 sec) 
Execute OK. (0.014244 sec) Committed. (0.000571 sec) 
Execute OK. (0.005243 sec) Committed. (0.000389 sec) 
Execute OK. (0.002695 sec) Committed. (0.000385 sec) 
Execute OK. (0.004014 sec) Committed. (0.000462 sec) 
Execute OK. (0.005165 sec) Committed. (0.000398 sec) 
Execute OK. (0.005187 sec) Committed. (0.000355 sec) 
Execute OK. (0.005106 sec) Committed. (0.000346 sec) 
Execute OK. (0.000650 sec) Committed. (0.001455 sec) 
Execute OK. (0.000773 sec) Committed. (0.001452 sec) 
Execute OK. (0.000461 sec) Committed. (0.001436 sec) 
Execute OK. (0.000519 sec) Committed. (0.000202 sec) 
Execute OK. (0.001529 sec) Committed. (0.000343 sec) 

=== <Result of CALL Command in Line 330> ===

  Result              
======================
  NULL                

Execute OK. (0.000405 sec) Committed. (0.000014 sec) 
Execute OK. (0.003755 sec) Committed. (0.000347 sec) 
Execute OK. (0.002341 sec) Committed. (0.000435 sec) 
Execute OK. (0.012120 sec) Committed. (0.000718 sec) 
Execute OK. (0.012340 sec) Committed. (0.000704 sec) 
Execute OK. (0.012054 sec) Committed. (0.000706 sec) 
Execute OK. (0.002654 sec) Committed. (0.000331 sec) 
Execute OK. (0.006689 sec) Committed. (0.000357 sec) 
Execute OK. (0.013995 sec) Committed. (0.000484 sec) 
Execute OK. (0.231686 sec) Committed. (0.000364 sec) 
Execute OK. (0.002747 sec) Committed. (0.000341 sec) 
Execute OK. (0.003973 sec) Committed. (0.000445 sec) 
Execute OK. (0.005166 sec) Committed. (0.000340 sec) 
Execute OK. (0.004649 sec) Committed. (0.000350 sec) 
Execute OK. (0.004495 sec) Committed. (0.000435 sec) 
Execute OK. (0.000623 sec) Committed. (0.001467 sec) 
Execute OK. (0.000696 sec) Committed. (0.001461 sec) 
Execute OK. (0.000380 sec) Committed. (0.001475 sec) 
Execute OK. (0.000541 sec) Committed. (0.000206 sec) 
Execute OK. (0.001642 sec) Committed. (0.000258 sec) 
Execute OK. (0.000659 sec) Committed. (0.000483 sec) 
Execute OK. (0.000375 sec) Committed. (0.000335 sec) 
Execute OK. (0.000574 sec) Committed. (0.000457 sec) 
Execute OK. (0.000571 sec) Committed. (0.000548 sec) 
Execute OK. (0.000578 sec) Committed. (0.000477 sec) 
Execute OK. (0.000377 sec) Committed. (0.000354 sec) 
Execute OK. (0.000371 sec) Committed. (0.000356 sec) 
Execute OK. (0.000360 sec) Committed. (0.000354 sec) 
Execute OK. (0.000362 sec) Committed. (0.000356 sec) 

=== <Result of CALL Command in Line 379> ===

  Result              
======================
  NULL                

Execute OK. (0.000315 sec) Committed. (0.000015 sec) 
Execute OK. (0.000484 sec) Committed. (0.000235 sec) 
Execute OK. (0.000393 sec) Committed. (0.000211 sec) 
Execute OK. (0.000371 sec) Committed. (0.000199 sec) 
Execute OK. (0.000337 sec) Committed. (0.000191 sec) 
Execute OK. (0.000340 sec) Committed. (0.000190 sec) 
Execute OK. (0.000331 sec) Committed. (0.000240 sec) 
Execute OK. (0.000339 sec) Committed. (0.000194 sec) 
Execute OK. (0.000338 sec) Committed. (0.000196 sec) 
Execute OK. (0.000331 sec) Committed. (0.000186 sec) 
Execute OK. (0.000532 sec) Committed. (0.000332 sec) 
Execute OK. (0.000526 sec) Committed. (0.000415 sec) 
Execute OK. (0.000779 sec) Committed. (0.000463 sec) 
Execute OK. (0.000769 sec) Committed. (0.000480 sec) 
Execute OK. (0.000778 sec) Committed. (0.000468 sec) 
Execute OK. (0.000527 sec) Committed. (0.000354 sec) 
Execute OK. (0.000529 sec) Committed. (0.000356 sec) 
Execute OK. (0.000514 sec) Committed. (0.000366 sec) 
Execute OK. (0.000515 sec) Committed. (0.000366 sec) 

=== <Result of CALL Command in Line 403> ===

  Result              
======================
  NULL                

Execute OK. (0.000298 sec) Committed. (0.000015 sec) 
