Execute OK. (0.002539 sec) Committed. (0.000417 sec) 
Execute OK. (0.000356 sec) Committed. (0.000338 sec) 
Execute OK. (0.001038 sec) Committed. (0.000398 sec) 
Execute OK. (0.000332 sec) Committed. (0.000342 sec) 
Execute OK. (0.000984 sec) Committed. (0.000310 sec) 
Execute OK. (0.001583 sec) Committed. (0.000315 sec) 
Execute OK. (0.001004 sec) Committed. (0.000317 sec) 
Execute OK. (0.000334 sec) Committed. (0.000318 sec) 
Execute OK. (0.000342 sec) Committed. (0.000320 sec) 
Execute OK. (0.000332 sec) Committed. (0.000320 sec) 
Execute OK. (0.000032 sec) Committed. (0.000011 sec) 

=== <Result of CALL Command in Line 19> ===

  Result              
======================
  NULL                

Execute OK. (0.000197 sec) Committed. (0.000009 sec) 
Execute OK. (0.004567 sec) Committed. (0.000350 sec) 
Execute OK. (0.002244 sec) Committed. (0.000354 sec) 
Execute OK. (0.012126 sec) Committed. (0.000711 sec) 
Execute OK. (0.011177 sec) Committed. (0.000660 sec) 
Execute OK. (0.011170 sec) Committed. (0.000663 sec) 
Execute OK. (0.002494 sec) Committed. (0.000336 sec) 
Execute OK. (0.006749 sec) Committed. (0.000346 sec) 
Execute OK. (0.012520 sec) Committed. (0.000461 sec) 
Execute OK. (0.004841 sec) Committed. (0.000347 sec) 
Execute OK. (0.002651 sec) Committed. (0.000415 sec) 
Execute OK. (0.003605 sec) Committed. (0.000329 sec) 
Execute OK. (0.004747 sec) Committed. (0.000327 sec) 
Execute OK. (0.004128 sec) Committed. (0.000349 sec) 
Execute OK. (0.004197 sec) Committed. (0.000334 sec) 
Execute OK. (0.000565 sec) Committed. (0.001331 sec) 
Execute OK. (0.000539 sec) Committed. (0.001309 sec) 
Execute OK. (0.000276 sec) Committed. (0.001383 sec) 
Execute OK. (0.000904 sec) Committed. (0.000252 sec) 
Execute OK. (0.001811 sec) Committed. (0.000223 sec) 

=== <Result of CALL Command in Line 58> ===

  Result              
======================
  NULL                

Execute OK. (0.000185 sec) Committed. (0.000011 sec) 
Execute OK. (0.003512 sec) Committed. (0.000334 sec) 
Execute OK. (0.002123 sec) Committed. (0.000423 sec) 
Execute OK. (0.011628 sec) Committed. (0.000679 sec) 
Execute OK. (0.011587 sec) Committed. (0.000674 sec) 
Execute OK. (0.011781 sec) Committed. (0.000698 sec) 
Execute OK. (0.002609 sec) Committed. (0.000336 sec) 
Execute OK. (0.006253 sec) Committed. (0.000335 sec) 
Execute OK. (0.012670 sec) Committed. (0.000546 sec) 
Execute OK. (0.004639 sec) Committed. (0.000413 sec) 
Execute OK. (0.002467 sec) Committed. (0.000332 sec) 
Execute OK. (0.003653 sec) Committed. (0.000336 sec) 
Execute OK. (0.005172 sec) Committed. (0.000419 sec) 
Execute OK. (0.004273 sec) Committed. (0.000414 sec) 
Execute OK. (0.004264 sec) Committed. (0.000344 sec) 
Execute OK. (0.000507 sec) Committed. (0.001366 sec) 
Execute OK. (0.000605 sec) Committed. (0.001413 sec) 
Execute OK. (0.000335 sec) Committed. (0.001319 sec) 
Execute OK. (0.000476 sec) Committed. (0.000211 sec) 
Execute OK. (0.001342 sec) Committed. (0.000221 sec) 

=== <Result of CALL Command in Line 97> ===

  Result              
======================
  NULL                

Execute OK. (0.000279 sec) Committed. (0.000011 sec) 
Execute OK. (0.003615 sec) Committed. (0.000409 sec) 
Execute OK. (0.002251 sec) Committed. (0.000347 sec) 
Execute OK. (0.011899 sec) Committed. (0.000672 sec) 
Execute OK. (0.011777 sec) Committed. (0.000662 sec) 
Execute OK. (0.011114 sec) Committed. (0.000676 sec) 
Execute OK. (0.002563 sec) Committed. (0.000337 sec) 
Execute OK. (0.006129 sec) Committed. (0.000340 sec) 
Execute OK. (0.013406 sec) Committed. (0.000495 sec) 
Execute OK. (0.004609 sec) Committed. (0.000347 sec) 
Execute OK. (0.002416 sec) Committed. (0.000341 sec) 
Execute OK. (0.003573 sec) Committed. (0.000427 sec) 
Execute OK. (0.004720 sec) Committed. (0.000347 sec) 
Execute OK. (0.438142 sec) Committed. (0.000365 sec) 
Execute OK. (0.004420 sec) Committed. (0.000415 sec) 
Execute OK. (0.000603 sec) Committed. (0.001338 sec) 
Execute OK. (0.000666 sec) Committed. (0.001322 sec) 
Execute OK. (0.000354 sec) Committed. (0.001315 sec) 
Execute OK. (0.000514 sec) Committed. (0.000247 sec) 
Execute OK. (0.001484 sec) Committed. (0.000220 sec) 

=== <Result of CALL Command in Line 136> ===

  Result              
======================
  NULL                

Execute OK. (0.000307 sec) Committed. (0.000012 sec) 
Execute OK. (0.003641 sec) Committed. (0.000343 sec) 
Execute OK. (0.002524 sec) Committed. (0.000357 sec) 
Execute OK. (0.011375 sec) Committed. (0.000672 sec) 
Execute OK. (0.011138 sec) Committed. (0.000664 sec) 
Execute OK. (0.011202 sec) Committed. (0.000697 sec) 
Execute OK. (0.002556 sec) Committed. (0.000333 sec) 
Execute OK. (0.006301 sec) Committed. (0.000337 sec) 
Execute OK. (0.013542 sec) Committed. (0.000551 sec) 
Execute OK. (0.004541 sec) Committed. (0.000336 sec) 
Execute OK. (0.002410 sec) Committed. (0.007851 sec) 
Execute OK. (0.003579 sec) Committed. (0.000328 sec) 
Execute OK. (0.004743 sec) Committed. (0.000415 sec) 
Execute OK. (0.004226 sec) Committed. (0.000370 sec) 
Execute OK. (0.004270 sec) Committed. (0.000337 sec) 
Execute OK. (0.000526 sec) Committed. (0.001326 sec) 
Execute OK. (0.000624 sec) Committed. (0.001421 sec) 
Execute OK. (0.000352 sec) Committed. (0.001332 sec) 
Execute OK. (0.000500 sec) Committed. (0.000212 sec) 
Execute OK. (0.001335 sec) Committed. (0.000221 sec) 

=== <Result of CALL Command in Line 175> ===

  Result              
======================
  NULL                

Execute OK. (0.000290 sec) Committed. (0.000012 sec) 
Execute OK. (0.003640 sec) Committed. (0.000347 sec) 
Execute OK. (0.002156 sec) Committed. (0.000424 sec) 
Execute OK. (0.011371 sec) Committed. (0.000734 sec) 
Execute OK. (0.011265 sec) Committed. (0.000596 sec) 
Execute OK. (0.011233 sec) Committed. (0.000672 sec) 
Execute OK. (0.002561 sec) Committed. (0.000341 sec) 
Execute OK. (0.006137 sec) Committed. (0.000338 sec) 
Execute OK. (0.013702 sec) Committed. (0.000461 sec) 
Execute OK. (0.004598 sec) Committed. (0.000337 sec) 
Execute OK. (0.002395 sec) Committed. (0.000328 sec) 
Execute OK. (0.003593 sec) Committed. (0.000437 sec) 
Execute OK. (0.004731 sec) Committed. (0.000329 sec) 
Execute OK. (0.004233 sec) Committed. (0.000339 sec) 
Execute OK. (0.004203 sec) Committed. (0.000427 sec) 
Execute OK. (0.000532 sec) Committed. (0.001339 sec) 
Execute OK. (0.000632 sec) Committed. (0.001332 sec) 
Execute OK. (0.000351 sec) Committed. (0.001323 sec) 
Execute OK. (0.000478 sec) Committed. (0.000212 sec) 
Execute OK. (0.001347 sec) Committed. (0.000220 sec) 

=== <Result of CALL Command in Line 214> ===

  Result              
======================
  NULL                

Execute OK. (0.000288 sec) Committed. (0.000012 sec) 
Execute OK. (0.003595 sec) Committed. (0.000351 sec) 
Execute OK. (0.002239 sec) Committed. (0.000357 sec) 
Execute OK. (0.011591 sec) Committed. (0.000683 sec) 
Execute OK. (0.012011 sec) Committed. (0.000691 sec) 
Execute OK. (0.012713 sec) Committed. (0.000672 sec) 
Execute OK. (0.002957 sec) Committed. (0.000340 sec) 
Execute OK. (0.006562 sec) Committed. (0.000343 sec) 
Execute OK. (0.013091 sec) Committed. (0.000556 sec) 
Execute OK. (0.005344 sec) Committed. (0.000351 sec) 
Execute OK. (0.002575 sec) Committed. (0.000414 sec) 
Execute OK. (0.003758 sec) Committed. (0.000344 sec) 
Execute OK. (0.004929 sec) Committed. (0.000435 sec) 
Execute OK. (0.004680 sec) Committed. (0.000343 sec) 
Execute OK. (0.004587 sec) Committed. (0.000423 sec) 
Execute OK. (0.000743 sec) Committed. (0.001588 sec) 
Execute OK. (0.000768 sec) Committed. (0.001458 sec) 
Execute OK. (0.000405 sec) Committed. (0.001410 sec) 
Execute OK. (0.000580 sec) Committed. (0.000193 sec) 
Execute OK. (0.001573 sec) Committed. (0.000189 sec) 

=== <Result of CALL Command in Line 253> ===

  Result              
======================
  NULL                

Execute OK. (0.000344 sec) Committed. (0.000012 sec) 
Execute OK. (0.003607 sec) Committed. (0.000305 sec) 
Execute OK. (0.002238 sec) Committed. (0.000391 sec) 
Execute OK. (0.011293 sec) Committed. (0.000633 sec) 
Execute OK. (0.011370 sec) Committed. (0.000639 sec) 
Execute OK. (0.011059 sec) Committed. (0.000643 sec) 
Execute OK. (0.002482 sec) Committed. (0.000302 sec) 
Execute OK. (0.006207 sec) Committed. (0.000307 sec) 
Execute OK. (0.012779 sec) Committed. (0.000441 sec) 
Execute OK. (0.004647 sec) Committed. (0.000314 sec) 
Execute OK. (0.002383 sec) Committed. (0.000313 sec) 
Execute OK. (0.003671 sec) Committed. (0.000391 sec) 
Execute OK. (0.004739 sec) Committed. (0.000307 sec) 
Execute OK. (0.004328 sec) Committed. (0.000316 sec) 
Execute OK. (0.004223 sec) Committed. (0.000388 sec) 
Execute OK. (0.000614 sec) Committed. (0.001328 sec) 
Execute OK. (0.000704 sec) Committed. (0.001323 sec) 
Execute OK. (0.000423 sec) Committed. (0.001303 sec) 
Execute OK. (0.000490 sec) Committed. (0.000180 sec) 
Execute OK. (0.001400 sec) Committed. (0.000198 sec) 

=== <Result of CALL Command in Line 292> ===

  Result              
======================
  NULL                

Execute OK. (0.000366 sec) Committed. (0.000012 sec) 
Execute OK. (0.003805 sec) Committed. (0.000328 sec) 
Execute OK. (0.002158 sec) Committed. (0.000333 sec) 
Execute OK. (0.011279 sec) Committed. (0.000645 sec) 
Execute OK. (0.011529 sec) Committed. (0.000660 sec) 
Execute OK. (0.011475 sec) Committed. (0.000664 sec) 
Execute OK. (0.002439 sec) Committed. (0.000385 sec) 
Execute OK. (0.006064 sec) Committed. (0.000390 sec) 
Execute OK. (0.012708 sec) Committed. (0.000464 sec) 
Execute OK. (0.004882 sec) Committed. (0.000314 sec) 
Execute OK. (0.002413 sec) Committed. (0.000447 sec) 
Execute OK. (0.003728 sec) Committed. (0.000326 sec) 
Execute OK. (0.004867 sec) Committed. (0.000313 sec) 
Execute OK. (0.004507 sec) Committed. (0.000310 sec) 
Execute OK. (0.004789 sec) Committed. (0.000359 sec) 
Execute OK. (0.000593 sec) Committed. (0.001355 sec) 
Execute OK. (0.000673 sec) Committed. (0.001372 sec) 
Execute OK. (0.000349 sec) Committed. (0.001342 sec) 
Execute OK. (0.000484 sec) Committed. (0.000270 sec) 
Execute OK. (0.001457 sec) Committed. (0.000222 sec) 
Execute OK. (0.000605 sec) Committed. (0.000440 sec) 
Execute OK. (0.000353 sec) Committed. (0.000307 sec) 
Execute OK. (0.000535 sec) Committed. (0.000475 sec) 
Execute OK. (0.000561 sec) Committed. (0.000457 sec) 
Execute OK. (0.000533 sec) Committed. (0.000444 sec) 
Execute OK. (0.000369 sec) Committed. (0.000343 sec) 
Execute OK. (0.000335 sec) Committed. (0.000347 sec) 
Execute OK. (0.000389 sec) Committed. (0.000329 sec) 
Execute OK. (0.000353 sec) Committed. (0.000326 sec) 

=== <Result of CALL Command in Line 341> ===

  Result              
======================
  NULL                

Execute OK. (0.000277 sec) Committed. (0.000016 sec) 
Execute OK. (0.000450 sec) Committed. (0.000211 sec) 
Execute OK. (0.000325 sec) Committed. (0.000184 sec) 
Execute OK. (0.000307 sec) Committed. (0.000175 sec) 
Execute OK. (0.000320 sec) Committed. (0.000172 sec) 
Execute OK. (0.000299 sec) Committed. (0.000248 sec) 
Execute OK. (0.000325 sec) Committed. (0.000179 sec) 
Execute OK. (0.000300 sec) Committed. (0.000172 sec) 
Execute OK. (0.000314 sec) Committed. (0.000214 sec) 
Execute OK. (0.000334 sec) Committed. (0.000198 sec) 
Execute OK. (0.000554 sec) Committed. (0.000306 sec) 
Execute OK. (0.000470 sec) Committed. (0.000303 sec) 
Execute OK. (0.000709 sec) Committed. (0.000418 sec) 
Execute OK. (0.000706 sec) Committed. (0.000453 sec) 
Execute OK. (0.000761 sec) Committed. (0.000448 sec) 
Execute OK. (0.000469 sec) Committed. (0.000345 sec) 
Execute OK. (0.000474 sec) Committed. (0.000331 sec) 
Execute OK. (0.000538 sec) Committed. (0.000338 sec) 
Execute OK. (0.000554 sec) Committed. (0.000327 sec) 

=== <Result of CALL Command in Line 365> ===

  Result              
======================
  NULL                

Execute OK. (0.000324 sec) Committed. (0.000015 sec) 
