Execute OK. (0.002581 sec) Committed. (0.000417 sec) 
Execute OK. (0.000389 sec) Committed. (0.000362 sec) 
Execute OK. (0.001134 sec) Committed. (0.000437 sec) 
Execute OK. (0.000367 sec) Committed. (0.000360 sec) 
Execute OK. (0.001089 sec) Committed. (0.000338 sec) 
Execute OK. (0.001786 sec) Committed. (0.000339 sec) 
Execute OK. (0.001116 sec) Committed. (0.000345 sec) 
Execute OK. (0.000360 sec) Committed. (0.000351 sec) 
Execute OK. (0.000362 sec) Committed. (0.000347 sec) 
Execute OK. (0.000378 sec) Committed. (0.000350 sec) 
Execute OK. (0.000034 sec) Committed. (0.000012 sec) 

=== <Result of CALL Command in Line 19> ===

  Result              
======================
  NULL                

Execute OK. (0.000202 sec) Committed. (0.000011 sec) 
Execute OK. (0.004945 sec) Committed. (0.000384 sec) 
Execute OK. (0.002446 sec) Committed. (0.000380 sec) 
Execute OK. (0.013003 sec) Committed. (0.000729 sec) 
Execute OK. (0.012048 sec) Committed. (0.000731 sec) 
Execute OK. (0.012104 sec) Committed. (0.000730 sec) 
Execute OK. (0.002649 sec) Committed. (0.000366 sec) 
Execute OK. (0.007370 sec) Committed. (0.000370 sec) 
Execute OK. (0.013749 sec) Committed. (0.000507 sec) 
Execute OK. (0.005349 sec) Committed. (0.000382 sec) 
Execute OK. (0.003051 sec) Committed. (0.000365 sec) 
Execute OK. (0.003894 sec) Committed. (0.000442 sec) 
Execute OK. (0.005214 sec) Committed. (0.000356 sec) 
Execute OK. (0.004514 sec) Committed. (0.000364 sec) 
Execute OK. (0.004457 sec) Committed. (0.000451 sec) 
Execute OK. (0.000600 sec) Committed. (0.001468 sec) 
Execute OK. (0.000583 sec) Committed. (0.001423 sec) 
Execute OK. (0.000296 sec) Committed. (0.001401 sec) 
Execute OK. (0.001002 sec) Committed. (0.000245 sec) 
Execute OK. (0.001923 sec) Committed. (0.000248 sec) 

=== <Result of CALL Command in Line 58> ===

  Result              
======================
  NULL                

Execute OK. (0.000200 sec) Committed. (0.000012 sec) 
Execute OK. (0.003927 sec) Committed. (0.000365 sec) 
Execute OK. (0.002367 sec) Committed. (0.000388 sec) 
Execute OK. (0.012287 sec) Committed. (0.000648 sec) 
Execute OK. (0.012767 sec) Committed. (0.000734 sec) 
Execute OK. (0.012690 sec) Committed. (0.000726 sec) 
Execute OK. (0.002833 sec) Committed. (0.000363 sec) 
Execute OK. (0.006775 sec) Committed. (0.000378 sec) 
Execute OK. (0.013834 sec) Committed. (0.000588 sec) 
Execute OK. (0.005143 sec) Committed. (0.000369 sec) 
Execute OK. (0.002705 sec) Committed. (0.000357 sec) 
Execute OK. (0.004010 sec) Committed. (0.000363 sec) 
Execute OK. (0.005393 sec) Committed. (0.000478 sec) 
Execute OK. (0.005165 sec) Committed. (0.000370 sec) 
Execute OK. (0.004682 sec) Committed. (0.000370 sec) 
Execute OK. (0.000581 sec) Committed. (0.001546 sec) 
Execute OK. (0.000660 sec) Committed. (0.001439 sec) 
Execute OK. (0.000373 sec) Committed. (0.001454 sec) 
Execute OK. (0.000519 sec) Committed. (0.000246 sec) 
Execute OK. (0.001444 sec) Committed. (0.000239 sec) 

=== <Result of CALL Command in Line 97> ===

  Result              
======================
  NULL                

Execute OK. (0.000314 sec) Committed. (0.000013 sec) 
Execute OK. (0.003922 sec) Committed. (0.000447 sec) 
Execute OK. (0.002447 sec) Committed. (0.000376 sec) 
Execute OK. (0.012948 sec) Committed. (0.000728 sec) 
Execute OK. (0.013021 sec) Committed. (0.000637 sec) 
Execute OK. (0.012141 sec) Committed. (0.000733 sec) 
Execute OK. (0.002793 sec) Committed. (0.000368 sec) 
Execute OK. (0.006621 sec) Committed. (0.000376 sec) 
Execute OK. (0.014479 sec) Committed. (0.000600 sec) 
Execute OK. (0.004913 sec) Committed. (0.000460 sec) 
Execute OK. (0.002604 sec) Committed. (0.000368 sec) 
Execute OK. (0.003924 sec) Committed. (0.000362 sec) 
Execute OK. (0.005915 sec) Committed. (0.000453 sec) 
Execute OK. (0.004531 sec) Committed. (0.000452 sec) 
Execute OK. (0.004576 sec) Committed. (0.000366 sec) 
Execute OK. (0.000567 sec) Committed. (0.001441 sec) 
Execute OK. (0.000663 sec) Committed. (0.001541 sec) 
Execute OK. (0.000383 sec) Committed. (0.001447 sec) 
Execute OK. (0.000536 sec) Committed. (0.000231 sec) 
Execute OK. (0.001448 sec) Committed. (0.000264 sec) 

=== <Result of CALL Command in Line 136> ===

  Result              
======================
  NULL                

Execute OK. (0.000321 sec) Committed. (0.000013 sec) 
Execute OK. (0.003842 sec) Committed. (0.000449 sec) 
Execute OK. (0.002325 sec) Committed. (0.000375 sec) 
Execute OK. (0.012571 sec) Committed. (0.000721 sec) 
Execute OK. (0.012114 sec) Committed. (0.000673 sec) 
Execute OK. (0.012344 sec) Committed. (0.000730 sec) 
Execute OK. (0.002678 sec) Committed. (0.000367 sec) 
Execute OK. (0.006833 sec) Committed. (0.000377 sec) 
Execute OK. (0.013774 sec) Committed. (0.000594 sec) 
Execute OK. (0.004952 sec) Committed. (0.000477 sec) 
Execute OK. (0.003095 sec) Committed. (0.000365 sec) 
Execute OK. (0.003899 sec) Committed. (0.000364 sec) 
Execute OK. (0.005192 sec) Committed. (0.000444 sec) 
Execute OK. (0.004625 sec) Committed. (0.000472 sec) 
Execute OK. (0.004544 sec) Committed. (0.000374 sec) 
Execute OK. (0.000568 sec) Committed. (0.001445 sec) 
Execute OK. (0.000676 sec) Committed. (0.001533 sec) 
Execute OK. (0.000379 sec) Committed. (0.001430 sec) 
Execute OK. (0.000537 sec) Committed. (0.000231 sec) 
Execute OK. (0.001438 sec) Committed. (0.000235 sec) 

=== <Result of CALL Command in Line 175> ===

  Result              
======================
  NULL                

Execute OK. (0.000305 sec) Committed. (0.000013 sec) 
Execute OK. (0.003796 sec) Committed. (0.000459 sec) 
Execute OK. (0.002348 sec) Committed. (0.000374 sec) 
Execute OK. (0.023362 sec) Committed. (0.000732 sec) 
Execute OK. (0.012303 sec) Committed. (0.000639 sec) 
Execute OK. (0.012243 sec) Committed. (0.000722 sec) 
Execute OK. (0.002750 sec) Committed. (0.000369 sec) 
Execute OK. (0.006711 sec) Committed. (0.000383 sec) 
Execute OK. (0.015497 sec) Committed. (0.000641 sec) 
Execute OK. (0.004962 sec) Committed. (0.000456 sec) 
Execute OK. (0.002603 sec) Committed. (0.000365 sec) 
Execute OK. (0.003903 sec) Committed. (0.000371 sec) 
Execute OK. (0.005190 sec) Committed. (0.000526 sec) 
Execute OK. (0.004536 sec) Committed. (0.000365 sec) 
Execute OK. (0.004640 sec) Committed. (0.000377 sec) 
Execute OK. (0.000588 sec) Committed. (0.001465 sec) 
Execute OK. (0.000685 sec) Committed. (0.001545 sec) 
Execute OK. (0.000394 sec) Committed. (0.001436 sec) 
Execute OK. (0.000533 sec) Committed. (0.000232 sec) 
Execute OK. (0.001479 sec) Committed. (0.000254 sec) 

=== <Result of CALL Command in Line 214> ===

  Result              
======================
  NULL                

Execute OK. (0.000372 sec) Committed. (0.000016 sec) 
Execute OK. (0.004305 sec) Committed. (0.000404 sec) 
Execute OK. (0.002448 sec) Committed. (0.000469 sec) 
Execute OK. (0.012286 sec) Committed. (0.000729 sec) 
Execute OK. (0.013102 sec) Committed. (0.000735 sec) 
Execute OK. (0.013917 sec) Committed. (0.000731 sec) 
Execute OK. (0.003109 sec) Committed. (0.000365 sec) 
Execute OK. (0.007919 sec) Committed. (0.000388 sec) 
Execute OK. (0.014264 sec) Committed. (0.000600 sec) 
Execute OK. (0.005347 sec) Committed. (0.000453 sec) 
Execute OK. (0.002791 sec) Committed. (0.000371 sec) 
Execute OK. (0.256422 sec) Committed. (0.000422 sec) 
Execute OK. (0.006194 sec) Committed. (0.000479 sec) 
Execute OK. (0.005023 sec) Committed. (0.000464 sec) 
Execute OK. (0.004886 sec) Committed. (0.000377 sec) 
Execute OK. (0.000672 sec) Committed. (0.001506 sec) 
Execute OK. (0.000789 sec) Committed. (0.001577 sec) 
Execute OK. (0.000460 sec) Committed. (0.001524 sec) 
Execute OK. (0.000560 sec) Committed. (0.000239 sec) 
Execute OK. (0.001597 sec) Committed. (0.000248 sec) 

=== <Result of CALL Command in Line 253> ===

  Result              
======================
  NULL                

Execute OK. (0.000397 sec) Committed. (0.000016 sec) 
Execute OK. (0.003944 sec) Committed. (0.000455 sec) 
Execute OK. (0.002469 sec) Committed. (0.000379 sec) 
Execute OK. (0.013423 sec) Committed. (0.000651 sec) 
Execute OK. (0.012498 sec) Committed. (0.000734 sec) 
Execute OK. (0.012280 sec) Committed. (0.000736 sec) 
Execute OK. (0.002806 sec) Committed. (0.000372 sec) 
Execute OK. (0.006935 sec) Committed. (0.000380 sec) 
Execute OK. (0.014041 sec) Committed. (0.000594 sec) 
Execute OK. (0.005445 sec) Committed. (0.000470 sec) 
Execute OK. (0.002642 sec) Committed. (0.000361 sec) 
Execute OK. (0.004017 sec) Committed. (0.000367 sec) 
Execute OK. (0.005178 sec) Committed. (0.000448 sec) 
Execute OK. (0.004726 sec) Committed. (0.000471 sec) 
Execute OK. (0.004665 sec) Committed. (0.000401 sec) 
Execute OK. (0.000681 sec) Committed. (0.001572 sec) 
Execute OK. (0.000776 sec) Committed. (0.001497 sec) 
Execute OK. (0.000482 sec) Committed. (0.001493 sec) 
Execute OK. (0.000539 sec) Committed. (0.000234 sec) 
Execute OK. (0.001498 sec) Committed. (0.000242 sec) 

=== <Result of CALL Command in Line 292> ===

  Result              
======================
  NULL                

Execute OK. (0.000415 sec) Committed. (0.000014 sec) 
Execute OK. (0.003832 sec) Committed. (0.000454 sec) 
Execute OK. (0.002378 sec) Committed. (0.000384 sec) 
Execute OK. (0.012530 sec) Committed. (0.000750 sec) 
Execute OK. (0.013087 sec) Committed. (0.000677 sec) 
Execute OK. (0.012383 sec) Committed. (0.000738 sec) 
Execute OK. (0.002706 sec) Committed. (0.000372 sec) 
Execute OK. (0.006770 sec) Committed. (0.000375 sec) 
Execute OK. (0.013933 sec) Committed. (0.000603 sec) 
Execute OK. (0.004980 sec) Committed. (0.000468 sec) 
Execute OK. (0.003113 sec) Committed. (0.000379 sec) 
Execute OK. (0.003994 sec) Committed. (0.000363 sec) 
Execute OK. (0.005189 sec) Committed. (0.000457 sec) 
Execute OK. (0.004899 sec) Committed. (0.000391 sec) 
Execute OK. (0.005067 sec) Committed. (0.000378 sec) 
Execute OK. (0.000574 sec) Committed. (0.001504 sec) 
Execute OK. (0.000694 sec) Committed. (0.001585 sec) 
Execute OK. (0.000395 sec) Committed. (0.001490 sec) 
Execute OK. (0.000554 sec) Committed. (0.000236 sec) 
Execute OK. (0.001490 sec) Committed. (0.000237 sec) 
Execute OK. (0.000681 sec) Committed. (0.000519 sec) 
Execute OK. (0.000393 sec) Committed. (0.000384 sec) 
Execute OK. (0.000602 sec) Committed. (0.000511 sec) 
Execute OK. (0.000597 sec) Committed. (0.000525 sec) 
Execute OK. (0.000593 sec) Committed. (0.000526 sec) 
Execute OK. (0.000395 sec) Committed. (0.000419 sec) 
Execute OK. (0.000454 sec) Committed. (0.000481 sec) 
Execute OK. (0.000394 sec) Committed. (0.000449 sec) 
Execute OK. (0.000393 sec) Committed. (0.000508 sec) 

=== <Result of CALL Command in Line 341> ===

  Result              
======================
  NULL                

Execute OK. (0.000327 sec) Committed. (0.000015 sec) 
Execute OK. (0.000500 sec) Committed. (0.000248 sec) 
Execute OK. (0.000370 sec) Committed. (0.000233 sec) 
Execute OK. (0.000379 sec) Committed. (0.000229 sec) 
Execute OK. (0.000369 sec) Committed. (0.000237 sec) 
Execute OK. (0.000364 sec) Committed. (0.000226 sec) 
Execute OK. (0.000376 sec) Committed. (0.000232 sec) 
Execute OK. (0.000373 sec) Committed. (0.000235 sec) 
Execute OK. (0.000364 sec) Committed. (0.000233 sec) 
Execute OK. (0.000389 sec) Committed. (0.000234 sec) 
Execute OK. (0.000550 sec) Committed. (0.000389 sec) 
Execute OK. (0.000547 sec) Committed. (0.000391 sec) 
Execute OK. (0.000811 sec) Committed. (0.000514 sec) 
Execute OK. (0.000805 sec) Committed. (0.000532 sec) 
Execute OK. (0.000797 sec) Committed. (0.000526 sec) 
Execute OK. (0.000551 sec) Committed. (0.000460 sec) 
Execute OK. (0.000654 sec) Committed. (0.000542 sec) 
Execute OK. (0.000568 sec) Committed. (0.000423 sec) 
Execute OK. (0.000551 sec) Committed. (0.000402 sec) 

=== <Result of CALL Command in Line 365> ===

  Result              
======================
  NULL                

Execute OK. (0.000323 sec) Committed. (0.000015 sec) 
